# JRE version: OpenJDK Runtime Environment (8.0_202-b03) (build 1.8.0_202-release-1483-b03)
# Java VM: OpenJDK 64-Bit Server VM (25.202-b03 mixed mode windows-amd64 compressed oops)
Heap:
 PSYoungGen      total 227328K, used 185408K [0x00000000e0000000, 0x00000000f2b00000, 0x0000000100000000)
  eden space 156672K, 100% used [0x00000000e0000000,0x00000000e9900000,0x00000000e9900000)
  from space 70656K, 40% used [0x00000000ee600000,0x00000000f0210098,0x00000000f2b00000)
  to   space 74752K, 45% used [0x00000000e9900000,0x00000000eba7a380,0x00000000ee200000)
 ParOldGen       total 214528K, used 100756K [0x00000000a0000000, 0x00000000ad180000, 0x00000000e0000000)
  object space 214528K, 46% used [0x00000000a0000000,0x00000000a6265028,0x00000000ad180000)
 Metaspace       used 98834K, capacity 104162K, committed 104536K, reserved 1140736K
  class space    used 12564K, capacity 13456K, committed 13696K, reserved 1048576K
GC Heap History (10 events):
Event: 4005.662 GC heap after
Heap after GC invocations=42 (full 4):
 PSYoungGen      total 180736K, used 13316K [0x00000000e0000000, 0x00000000ee500000, 0x0000000100000000)
  eden space 129024K, 0% used [0x00000000e0000000,0x00000000e0000000,0x00000000e7e00000)
  from space 51712K, 25% used [0x00000000eb280000,0x00000000ebf81320,0x00000000ee500000)
  to   space 52736K, 0% used [0x00000000e7e00000,0x00000000e7e00000,0x00000000eb180000)
 ParOldGen       total 214528K, used 72651K [0x00000000a0000000, 0x00000000ad180000, 0x00000000e0000000)
  object space 214528K, 33% used [0x00000000a0000000,0x00000000a46f2df0,0x00000000ad180000)
 Metaspace       used 96712K, capacity 101458K, committed 101848K, reserved 1138688K
  class space    used 12394K, capacity 13314K, committed 13568K, reserved 1048576K
}
Event: 4011.741 GC heap before
{Heap before GC invocations=43 (full 4):
 PSYoungGen      total 180736K, used 142064K [0x00000000e0000000, 0x00000000ee500000, 0x0000000100000000)
  eden space 129024K, 99% used [0x00000000e0000000,0x00000000e7dbacf0,0x00000000e7e00000)
  from space 51712K, 25% used [0x00000000eb280000,0x00000000ebf81320,0x00000000ee500000)
  to   space 52736K, 0% used [0x00000000e7e00000,0x00000000e7e00000,0x00000000eb180000)
 ParOldGen       total 214528K, used 72651K [0x00000000a0000000, 0x00000000ad180000, 0x00000000e0000000)
  object space 214528K, 33% used [0x00000000a0000000,0x00000000a46f2df0,0x00000000ad180000)
 Metaspace       used 96833K, capacity 101548K, committed 102104K, reserved 1138688K
  class space    used 12401K, capacity 13319K, committed 13568K, reserved 1048576K
Event: 4011.755 GC heap after
Heap after GC invocations=43 (full 4):
 PSYoungGen      total 181760K, used 17024K [0x00000000e0000000, 0x00000000ef280000, 0x0000000100000000)
  eden space 129024K, 0% used [0x00000000e0000000,0x00000000e0000000,0x00000000e7e00000)
  from space 52736K, 32% used [0x00000000e7e00000,0x00000000e8ea00f0,0x00000000eb180000)
  to   space 50688K, 0% used [0x00000000ec100000,0x00000000ec100000,0x00000000ef280000)
 ParOldGen       total 214528K, used 72659K [0x00000000a0000000, 0x00000000ad180000, 0x00000000e0000000)
  object space 214528K, 33% used [0x00000000a0000000,0x00000000a46f4df0,0x00000000ad180000)
 Metaspace       used 96833K, capacity 101548K, committed 102104K, reserved 1138688K
  class space    used 12401K, capacity 13319K, committed 13568K, reserved 1048576K
}
Event: 4012.553 GC heap before
{Heap before GC invocations=44 (full 4):
 PSYoungGen      total 181760K, used 146048K [0x00000000e0000000, 0x00000000ef280000, 0x0000000100000000)
  eden space 129024K, 100% used [0x00000000e0000000,0x00000000e7e00000,0x00000000e7e00000)
  from space 52736K, 32% used [0x00000000e7e00000,0x00000000e8ea00f0,0x00000000eb180000)
  to   space 50688K, 0% used [0x00000000ec100000,0x00000000ec100000,0x00000000ef280000)
 ParOldGen       total 214528K, used 72659K [0x00000000a0000000, 0x00000000ad180000, 0x00000000e0000000)
  object space 214528K, 33% used [0x00000000a0000000,0x00000000a46f4df0,0x00000000ad180000)
 Metaspace       used 97128K, capacity 101968K, committed 102360K, reserved 1138688K
  class space    used 12411K, capacity 13323K, committed 13568K, reserved 1048576K
Event: 4012.623 GC heap after
Heap after GC invocations=44 (full 4):
 PSYoungGen      total 183808K, used 50662K [0x00000000e0000000, 0x00000000f1380000, 0x0000000100000000)
  eden space 133120K, 0% used [0x00000000e0000000,0x00000000e0000000,0x00000000e8200000)
  from space 50688K, 99% used [0x00000000ec100000,0x00000000ef279a88,0x00000000ef280000)
  to   space 64512K, 0% used [0x00000000e8200000,0x00000000e8200000,0x00000000ec100000)
 ParOldGen       total 214528K, used 89235K [0x00000000a0000000, 0x00000000ad180000, 0x00000000e0000000)
  object space 214528K, 41% used [0x00000000a0000000,0x00000000a5724d98,0x00000000ad180000)
 Metaspace       used 97128K, capacity 101968K, committed 102360K, reserved 1138688K
  class space    used 12411K, capacity 13323K, committed 13568K, reserved 1048576K
}
Event: 4013.830 GC heap before
{Heap before GC invocations=45 (full 4):
 PSYoungGen      total 183808K, used 183782K [0x00000000e0000000, 0x00000000f1380000, 0x0000000100000000)
  eden space 133120K, 100% used [0x00000000e0000000,0x00000000e8200000,0x00000000e8200000)
  from space 50688K, 99% used [0x00000000ec100000,0x00000000ef279a88,0x00000000ef280000)
  to   space 64512K, 0% used [0x00000000e8200000,0x00000000e8200000,0x00000000ec100000)
 ParOldGen       total 214528K, used 89235K [0x00000000a0000000, 0x00000000ad180000, 0x00000000e0000000)
  object space 214528K, 41% used [0x00000000a0000000,0x00000000a5724d98,0x00000000ad180000)
 Metaspace       used 97168K, capacity 101968K, committed 102360K, reserved 1138688K
  class space    used 12411K, capacity 13323K, committed 13568K, reserved 1048576K
Event: 4013.914 GC heap after
Heap after GC invocations=45 (full 4):
 PSYoungGen      total 197632K, used 64480K [0x00000000e0000000, 0x00000000f3300000, 0x0000000100000000)
  eden space 133120K, 0% used [0x00000000e0000000,0x00000000e0000000,0x00000000e8200000)
  from space 64512K, 99% used [0x00000000e8200000,0x00000000ec0f8390,0x00000000ec100000)
  to   space 78848K, 0% used [0x00000000ee600000,0x00000000ee600000,0x00000000f3300000)
 ParOldGen       total 214528K, used 100740K [0x00000000a0000000, 0x00000000ad180000, 0x00000000e0000000)
  object space 214528K, 46% used [0x00000000a0000000,0x00000000a6261028,0x00000000ad180000)
 Metaspace       used 97168K, capacity 101968K, committed 102360K, reserved 1138688K
  class space    used 12411K, capacity 13323K, committed 13568K, reserved 1048576K
}
Event: 4016.049 GC heap before
{Heap before GC invocations=46 (full 4):
 PSYoungGen      total 197632K, used 197600K [0x00000000e0000000, 0x00000000f3300000, 0x0000000100000000)
  eden space 133120K, 100% used [0x00000000e0000000,0x00000000e8200000,0x00000000e8200000)
  from space 64512K, 99% used [0x00000000e8200000,0x00000000ec0f8390,0x00000000ec100000)
  to   space 78848K, 0% used [0x00000000ee600000,0x00000000ee600000,0x00000000f3300000)
 ParOldGen       total 214528K, used 100740K [0x00000000a0000000, 0x00000000ad180000, 0x00000000e0000000)
  object space 214528K, 46% used [0x00000000a0000000,0x00000000a6261028,0x00000000ad180000)
 Metaspace       used 97474K, capacity 102334K, committed 102616K, reserved 1138688K
  class space    used 12434K, capacity 13360K, committed 13568K, reserved 1048576K
Event: 4016.131 GC heap after
Heap after GC invocations=46 (full 4):
 PSYoungGen      total 227328K, used 28736K [0x00000000e0000000, 0x00000000f2b00000, 0x0000000100000000)
  eden space 156672K, 0% used [0x00000000e0000000,0x00000000e0000000,0x00000000e9900000)
  from space 70656K, 40% used [0x00000000ee600000,0x00000000f0210098,0x00000000f2b00000)
  to   space 74752K, 0% used [0x00000000e9900000,0x00000000e9900000,0x00000000ee200000)
 ParOldGen       total 214528K, used 100748K [0x00000000a0000000, 0x00000000ad180000, 0x00000000e0000000)
  object space 214528K, 46% used [0x00000000a0000000,0x00000000a6263028,0x00000000ad180000)
 Metaspace       used 97474K, capacity 102334K, committed 102616K, reserved 1138688K
  class space    used 12434K, capacity 13360K, committed 13568K, reserved 1048576K
}
Event: 13810.381 GC heap before
{Heap before GC invocations=47 (full 4):
 PSYoungGen      total 227328K, used 185408K [0x00000000e0000000, 0x00000000f2b00000, 0x0000000100000000)
  eden space 156672K, 100% used [0x00000000e0000000,0x00000000e9900000,0x00000000e9900000)
  from space 70656K, 40% used [0x00000000ee600000,0x00000000f0210098,0x00000000f2b00000)
  to   space 74752K, 0% used [0x00000000e9900000,0x00000000e9900000,0x00000000ee200000)
 ParOldGen       total 214528K, used 100748K [0x00000000a0000000, 0x00000000ad180000, 0x00000000e0000000)
  object space 214528K, 46% used [0x00000000a0000000,0x00000000a6263028,0x00000000ad180000)
 Metaspace       used 98834K, capacity 104162K, committed 104536K, reserved 1140736K
  class space    used 12564K, capacity 13456K, committed 13696K, reserved 1048576K

